{"/workspace/app-9nam5bayv401/src/components/editor/KeyboardShortcuts.tsx": {"path":"/workspace/app-9nam5bayv401/src/components/editor/KeyboardShortcuts.tsx","statementMap":{"0":{"start":{"line":13,"column":2},"end":{"line":94,"column":null}}},"fnMap":{"0":{"name":"KeyboardShortcuts","decl":{"start":{"line":12,"column":24},"end":{"line":12,"column":44}},"loc":{"start":{"line":12,"column":44},"end":{"line":96,"column":null}},"line":12}},"branchMap":{},"s":{"0":16},"f":{"0":16},"b":{},"meta":{"lastBranch":0,"lastFunction":1,"lastStatement":1,"seen":{"f:12:24:12:44":0,"s:13:2:94:Infinity":0}}}
,"/workspace/app-9nam5bayv401/src/components/editor/PropertiesPanel.tsx": {"path":"/workspace/app-9nam5bayv401/src/components/editor/PropertiesPanel.tsx","statementMap":{"0":{"start":{"line":28,"column":2},"end":{"line":41,"column":null}},"1":{"start":{"line":29,"column":4},"end":{"line":39,"column":null}},"2":{"start":{"line":43,"column":21},"end":{"line":46,"column":null}},"3":{"start":{"line":48,"column":23},"end":{"line":48,"column":null}},"4":{"start":{"line":48,"column":46},"end":{"line":48,"column":74}},"5":{"start":{"line":50,"column":2},"end":{"line":231,"column":null}},"6":{"start":{"line":85,"column":14},"end":{"line":85,"column":null}},"7":{"start":{"line":106,"column":14},"end":{"line":106,"column":null}},"8":{"start":{"line":124,"column":16},"end":{"line":212,"column":null}},"9":{"start":{"line":133,"column":39},"end":{"line":133,"column":null}},"10":{"start":{"line":152,"column":26},"end":{"line":152,"column":null}},"11":{"start":{"line":169,"column":26},"end":{"line":169,"column":null}},"12":{"start":{"line":188,"column":26},"end":{"line":188,"column":null}},"13":{"start":{"line":206,"column":28},"end":{"line":206,"column":null}},"14":{"start":{"line":225,"column":25},"end":{"line":225,"column":null}}},"fnMap":{"0":{"name":"PropertiesPanel","decl":{"start":{"line":20,"column":24},"end":{"line":20,"column":40}},"loc":{"start":{"line":27,"column":25},"end":{"line":233,"column":null}},"line":27},"1":{"name":"(anonymous_1)","decl":{"start":{"line":48,"column":39},"end":{"line":48,"column":40}},"loc":{"start":{"line":48,"column":46},"end":{"line":48,"column":74}},"line":48},"2":{"name":"(anonymous_2)","decl":{"start":{"line":84,"column":27},"end":{"line":84,"column":28}},"loc":{"start":{"line":85,"column":14},"end":{"line":85,"column":null}},"line":85},"3":{"name":"(anonymous_3)","decl":{"start":{"line":105,"column":27},"end":{"line":105,"column":28}},"loc":{"start":{"line":106,"column":14},"end":{"line":106,"column":null}},"line":106},"4":{"name":"(anonymous_4)","decl":{"start":{"line":123,"column":32},"end":{"line":123,"column":33}},"loc":{"start":{"line":124,"column":16},"end":{"line":212,"column":null}},"line":124},"5":{"name":"(anonymous_5)","decl":{"start":{"line":133,"column":33},"end":{"line":133,"column":39}},"loc":{"start":{"line":133,"column":39},"end":{"line":133,"column":null}},"line":133},"6":{"name":"(anonymous_6)","decl":{"start":{"line":151,"column":39},"end":{"line":151,"column":40}},"loc":{"start":{"line":152,"column":26},"end":{"line":152,"column":null}},"line":152},"7":{"name":"(anonymous_7)","decl":{"start":{"line":168,"column":39},"end":{"line":168,"column":40}},"loc":{"start":{"line":169,"column":26},"end":{"line":169,"column":null}},"line":169},"8":{"name":"(anonymous_8)","decl":{"start":{"line":187,"column":39},"end":{"line":187,"column":40}},"loc":{"start":{"line":188,"column":26},"end":{"line":188,"column":null}},"line":188},"9":{"name":"(anonymous_9)","decl":{"start":{"line":205,"column":41},"end":{"line":205,"column":42}},"loc":{"start":{"line":206,"column":28},"end":{"line":206,"column":null}},"line":206},"10":{"name":"(anonymous_10)","decl":{"start":{"line":225,"column":19},"end":{"line":225,"column":25}},"loc":{"start":{"line":225,"column":25},"end":{"line":225,"column":null}},"line":225}},"branchMap":{"0":{"loc":{"start":{"line":28,"column":2},"end":{"line":41,"column":null}},"type":"if","locations":[{"start":{"line":28,"column":2},"end":{"line":41,"column":null}},{"start":{},"end":{}}],"line":28},"1":{"loc":{"start":{"line":117,"column":11},"end":{"line":214,"column":null}},"type":"cond-expr","locations":[{"start":{"line":118,"column":12},"end":{"line":120,"column":null}},{"start":{"line":122,"column":12},"end":{"line":214,"column":null}}],"line":117},"2":{"loc":{"start":{"line":194,"column":21},"end":{"line":209,"column":null}},"type":"binary-expr","locations":[{"start":{"line":194,"column":21},"end":{"line":194,"column":50}},{"start":{"line":194,"column":50},"end":{"line":194,"column":null}},{"start":{"line":195,"column":22},"end":{"line":209,"column":null}}],"line":194}},"s":{"0":39,"1":3,"2":36,"3":36,"4":18,"5":36,"6":0,"7":0,"8":17,"9":1,"10":0,"11":0,"12":0,"13":0,"14":1},"f":{"0":39,"1":18,"2":0,"3":0,"4":17,"5":1,"6":0,"7":0,"8":0,"9":0,"10":1},"b":{"0":[3,36],"1":[20,16],"2":[17,4,3]},"meta":{"lastBranch":3,"lastFunction":11,"lastStatement":15,"seen":{"f:20:24:20:40":0,"b:28:2:41:Infinity:undefined:undefined:undefined:undefined":0,"s:28:2:41:Infinity":0,"s:29:4:39:Infinity":1,"s:43:21:46:Infinity":2,"s:48:23:48:Infinity":3,"f:48:39:48:40":1,"s:48:46:48:74":4,"s:50:2:231:Infinity":5,"f:84:27:84:28":2,"s:85:14:85:Infinity":6,"f:105:27:105:28":3,"s:106:14:106:Infinity":7,"b:118:12:120:Infinity:122:12:214:Infinity":1,"f:123:32:123:33":4,"s:124:16:212:Infinity":8,"f:133:33:133:39":5,"s:133:39:133:Infinity":9,"f:151:39:151:40":6,"s:152:26:152:Infinity":10,"f:168:39:168:40":7,"s:169:26:169:Infinity":11,"f:187:39:187:40":8,"s:188:26:188:Infinity":12,"b:194:21:194:50:194:50:194:Infinity:195:22:209:Infinity":2,"f:205:41:205:42":9,"s:206:28:206:Infinity":13,"f:225:19:225:25":10,"s:225:25:225:Infinity":14}}}
,"/workspace/app-9nam5bayv401/src/components/editor/ToolRail.tsx": {"path":"/workspace/app-9nam5bayv401/src/components/editor/ToolRail.tsx","statementMap":{"0":{"start":{"line":29,"column":14},"end":{"line":35,"column":null}},"1":{"start":{"line":47,"column":2},"end":{"line":126,"column":null}},"2":{"start":{"line":53,"column":25},"end":{"line":53,"column":null}},"3":{"start":{"line":54,"column":29},"end":{"line":54,"column":null}},"4":{"start":{"line":55,"column":12},"end":{"line":71,"column":null}},"5":{"start":{"line":60,"column":35},"end":{"line":60,"column":null}}},"fnMap":{"0":{"name":"ToolRail","decl":{"start":{"line":37,"column":24},"end":{"line":37,"column":33}},"loc":{"start":{"line":46,"column":18},"end":{"line":128,"column":null}},"line":46},"1":{"name":"(anonymous_1)","decl":{"start":{"line":52,"column":21},"end":{"line":52,"column":22}},"loc":{"start":{"line":52,"column":31},"end":{"line":73,"column":11}},"line":52},"2":{"name":"(anonymous_2)","decl":{"start":{"line":60,"column":29},"end":{"line":60,"column":35}},"loc":{"start":{"line":60,"column":35},"end":{"line":60,"column":null}},"line":60}},"branchMap":{"0":{"loc":{"start":{"line":59,"column":56},"end":{"line":59,"column":80}},"type":"cond-expr","locations":[{"start":{"line":59,"column":67},"end":{"line":59,"column":78}},{"start":{"line":59,"column":78},"end":{"line":59,"column":80}}],"line":59},"1":{"loc":{"start":{"line":83,"column":52},"end":{"line":83,"column":78}},"type":"cond-expr","locations":[{"start":{"line":83,"column":65},"end":{"line":83,"column":76}},{"start":{"line":83,"column":76},"end":{"line":83,"column":78}}],"line":83},"2":{"loc":{"start":{"line":87,"column":17},"end":{"line":87,"column":null}},"type":"cond-expr","locations":[{"start":{"line":87,"column":30},"end":{"line":87,"column":60}},{"start":{"line":87,"column":60},"end":{"line":87,"column":null}}],"line":87},"3":{"loc":{"start":{"line":98,"column":52},"end":{"line":98,"column":79}},"type":"cond-expr","locations":[{"start":{"line":98,"column":66},"end":{"line":98,"column":77}},{"start":{"line":98,"column":77},"end":{"line":98,"column":79}}],"line":98},"4":{"loc":{"start":{"line":113,"column":52},"end":{"line":113,"column":79}},"type":"cond-expr","locations":[{"start":{"line":113,"column":66},"end":{"line":113,"column":77}},{"start":{"line":113,"column":77},"end":{"line":113,"column":79}}],"line":113}},"s":{"0":1,"1":31,"2":155,"3":155,"4":155,"5":5},"f":{"0":31,"1":155,"2":5},"b":{"0":[31,124],"1":[3,28],"2":[3,28],"3":[30,1],"4":[30,1]},"meta":{"lastBranch":5,"lastFunction":3,"lastStatement":6,"seen":{"s:29:14:35:Infinity":0,"f:37:24:37:33":0,"s:47:2:126:Infinity":1,"f:52:21:52:22":1,"s:53:25:53:Infinity":2,"s:54:29:54:Infinity":3,"s:55:12:71:Infinity":4,"b:59:67:59:78:59:78:59:80":0,"f:60:29:60:35":2,"s:60:35:60:Infinity":5,"b:83:65:83:76:83:76:83:78":1,"b:87:30:87:60:87:60:87:Infinity":2,"b:98:66:98:77:98:77:98:79":3,"b:113:66:113:77:113:77:113:79":4}}}
,"/workspace/app-9nam5bayv401/src/components/ui/button.tsx": {"path":"/workspace/app-9nam5bayv401/src/components/ui/button.tsx","statementMap":{"0":{"start":{"line":7,"column":6},"end":{"line":35,"column":null}},"1":{"start":{"line":43,"column":15},"end":{"line":54,"column":null}},"2":{"start":{"line":45,"column":17},"end":{"line":45,"column":null}},"3":{"start":{"line":46,"column":4},"end":{"line":51,"column":null}},"4":{"start":{"line":55,"column":0},"end":{"line":55,"column":null}}},"fnMap":{"0":{"name":"(anonymous_0)","decl":{"start":{"line":44,"column":2},"end":{"line":44,"column":3}},"loc":{"start":{"line":44,"column":68},"end":{"line":53,"column":null}},"line":44}},"branchMap":{"0":{"loc":{"start":{"line":44,"column":31},"end":{"line":44,"column":48}},"type":"default-arg","locations":[{"start":{"line":44,"column":41},"end":{"line":44,"column":48}}],"line":44},"1":{"loc":{"start":{"line":45,"column":17},"end":{"line":45,"column":null}},"type":"cond-expr","locations":[{"start":{"line":45,"column":27},"end":{"line":45,"column":34}},{"start":{"line":45,"column":34},"end":{"line":45,"column":null}}],"line":45}},"s":{"0":2,"1":2,"2":82,"3":82,"4":2},"f":{"0":82},"b":{"0":[82],"1":[0,82]},"meta":{"lastBranch":2,"lastFunction":1,"lastStatement":5,"seen":{"s:7:6:35:Infinity":0,"s:43:15:54:Infinity":1,"f:44:2:44:3":0,"b:44:41:44:48":0,"s:45:17:45:Infinity":2,"b:45:27:45:34:45:34:45:Infinity":1,"s:46:4:51:Infinity":3,"s:55:0:55:Infinity":4}}}
,"/workspace/app-9nam5bayv401/src/components/ui/card.tsx": {"path":"/workspace/app-9nam5bayv401/src/components/ui/card.tsx","statementMap":{"0":{"start":{"line":5,"column":13},"end":{"line":17,"column":null}},"1":{"start":{"line":9,"column":2},"end":{"line":16,"column":null}},"2":{"start":{"line":18,"column":0},"end":{"line":18,"column":null}},"3":{"start":{"line":20,"column":19},"end":{"line":29,"column":null}},"4":{"start":{"line":24,"column":2},"end":{"line":28,"column":null}},"5":{"start":{"line":30,"column":0},"end":{"line":30,"column":null}},"6":{"start":{"line":32,"column":18},"end":{"line":41,"column":null}},"7":{"start":{"line":36,"column":2},"end":{"line":40,"column":null}},"8":{"start":{"line":42,"column":0},"end":{"line":42,"column":null}},"9":{"start":{"line":44,"column":24},"end":{"line":53,"column":null}},"10":{"start":{"line":48,"column":2},"end":{"line":52,"column":null}},"11":{"start":{"line":54,"column":0},"end":{"line":54,"column":null}},"12":{"start":{"line":56,"column":20},"end":{"line":61,"column":null}},"13":{"start":{"line":60,"column":2},"end":{"line":60,"column":null}},"14":{"start":{"line":62,"column":0},"end":{"line":62,"column":null}},"15":{"start":{"line":64,"column":19},"end":{"line":73,"column":null}},"16":{"start":{"line":68,"column":2},"end":{"line":72,"column":null}},"17":{"start":{"line":74,"column":0},"end":{"line":74,"column":null}}},"fnMap":{"0":{"name":"(anonymous_0)","decl":{"start":{"line":8,"column":2},"end":{"line":8,"column":3}},"loc":{"start":{"line":9,"column":2},"end":{"line":16,"column":null}},"line":9},"1":{"name":"(anonymous_1)","decl":{"start":{"line":23,"column":2},"end":{"line":23,"column":3}},"loc":{"start":{"line":24,"column":2},"end":{"line":28,"column":null}},"line":24},"2":{"name":"(anonymous_2)","decl":{"start":{"line":35,"column":2},"end":{"line":35,"column":3}},"loc":{"start":{"line":36,"column":2},"end":{"line":40,"column":null}},"line":36},"3":{"name":"(anonymous_3)","decl":{"start":{"line":47,"column":2},"end":{"line":47,"column":3}},"loc":{"start":{"line":48,"column":2},"end":{"line":52,"column":null}},"line":48},"4":{"name":"(anonymous_4)","decl":{"start":{"line":59,"column":2},"end":{"line":59,"column":3}},"loc":{"start":{"line":60,"column":2},"end":{"line":60,"column":null}},"line":60},"5":{"name":"(anonymous_5)","decl":{"start":{"line":67,"column":2},"end":{"line":67,"column":3}},"loc":{"start":{"line":68,"column":2},"end":{"line":72,"column":null}},"line":68}},"branchMap":{},"s":{"0":1,"1":56,"2":1,"3":1,"4":39,"5":1,"6":1,"7":39,"8":1,"9":1,"10":0,"11":1,"12":1,"13":39,"14":1,"15":1,"16":0,"17":1},"f":{"0":56,"1":39,"2":39,"3":0,"4":39,"5":0},"b":{},"meta":{"lastBranch":0,"lastFunction":6,"lastStatement":18,"seen":{"s:5:13:17:Infinity":0,"f:8:2:8:3":0,"s:9:2:16:Infinity":1,"s:18:0:18:Infinity":2,"s:20:19:29:Infinity":3,"f:23:2:23:3":1,"s:24:2:28:Infinity":4,"s:30:0:30:Infinity":5,"s:32:18:41:Infinity":6,"f:35:2:35:3":2,"s:36:2:40:Infinity":7,"s:42:0:42:Infinity":8,"s:44:24:53:Infinity":9,"f:47:2:47:3":3,"s:48:2:52:Infinity":10,"s:54:0:54:Infinity":11,"s:56:20:61:Infinity":12,"f:59:2:59:3":4,"s:60:2:60:Infinity":13,"s:62:0:62:Infinity":14,"s:64:19:73:Infinity":15,"f:67:2:67:3":5,"s:68:2:72:Infinity":16,"s:74:0:74:Infinity":17}}}
,"/workspace/app-9nam5bayv401/src/components/ui/dialog.tsx": {"path":"/workspace/app-9nam5bayv401/src/components/ui/dialog.tsx","statementMap":{"0":{"start":{"line":7,"column":15},"end":{"line":7,"column":null}},"1":{"start":{"line":9,"column":22},"end":{"line":9,"column":null}},"2":{"start":{"line":11,"column":21},"end":{"line":11,"column":null}},"3":{"start":{"line":13,"column":20},"end":{"line":13,"column":null}},"4":{"start":{"line":15,"column":22},"end":{"line":27,"column":null}},"5":{"start":{"line":19,"column":2},"end":{"line":26,"column":null}},"6":{"start":{"line":28,"column":0},"end":{"line":28,"column":null}},"7":{"start":{"line":30,"column":22},"end":{"line":51,"column":null}},"8":{"start":{"line":34,"column":2},"end":{"line":50,"column":null}},"9":{"start":{"line":52,"column":0},"end":{"line":52,"column":null}},"10":{"start":{"line":54,"column":21},"end":{"line":64,"column":null}},"11":{"start":{"line":58,"column":2},"end":{"line":64,"column":null}},"12":{"start":{"line":66,"column":0},"end":{"line":66,"column":null}},"13":{"start":{"line":68,"column":21},"end":{"line":78,"column":null}},"14":{"start":{"line":72,"column":2},"end":{"line":78,"column":null}},"15":{"start":{"line":80,"column":0},"end":{"line":80,"column":null}},"16":{"start":{"line":82,"column":20},"end":{"line":94,"column":null}},"17":{"start":{"line":86,"column":2},"end":{"line":93,"column":null}},"18":{"start":{"line":95,"column":0},"end":{"line":95,"column":null}},"19":{"start":{"line":97,"column":26},"end":{"line":106,"column":null}},"20":{"start":{"line":101,"column":2},"end":{"line":105,"column":null}},"21":{"start":{"line":107,"column":0},"end":{"line":107,"column":null}}},"fnMap":{"0":{"name":"(anonymous_0)","decl":{"start":{"line":18,"column":2},"end":{"line":18,"column":3}},"loc":{"start":{"line":19,"column":2},"end":{"line":26,"column":null}},"line":19},"1":{"name":"(anonymous_1)","decl":{"start":{"line":33,"column":2},"end":{"line":33,"column":3}},"loc":{"start":{"line":34,"column":2},"end":{"line":50,"column":null}},"line":34},"2":{"name":"(anonymous_2)","decl":{"start":{"line":54,"column":21},"end":{"line":54,"column":22}},"loc":{"start":{"line":58,"column":2},"end":{"line":64,"column":null}},"line":58},"3":{"name":"(anonymous_3)","decl":{"start":{"line":68,"column":21},"end":{"line":68,"column":22}},"loc":{"start":{"line":72,"column":2},"end":{"line":78,"column":null}},"line":72},"4":{"name":"(anonymous_4)","decl":{"start":{"line":85,"column":2},"end":{"line":85,"column":3}},"loc":{"start":{"line":86,"column":2},"end":{"line":93,"column":null}},"line":86},"5":{"name":"(anonymous_5)","decl":{"start":{"line":100,"column":2},"end":{"line":100,"column":3}},"loc":{"start":{"line":101,"column":2},"end":{"line":105,"column":null}},"line":101}},"branchMap":{},"s":{"0":1,"1":1,"2":1,"3":1,"4":1,"5":26,"6":1,"7":1,"8":16,"9":1,"10":1,"11":13,"12":1,"13":1,"14":0,"15":1,"16":1,"17":13,"18":1,"19":1,"20":0,"21":1},"f":{"0":26,"1":16,"2":13,"3":0,"4":13,"5":0},"b":{},"meta":{"lastBranch":0,"lastFunction":6,"lastStatement":22,"seen":{"s:7:15:7:Infinity":0,"s:9:22:9:Infinity":1,"s:11:21:11:Infinity":2,"s:13:20:13:Infinity":3,"s:15:22:27:Infinity":4,"f:18:2:18:3":0,"s:19:2:26:Infinity":5,"s:28:0:28:Infinity":6,"s:30:22:51:Infinity":7,"f:33:2:33:3":1,"s:34:2:50:Infinity":8,"s:52:0:52:Infinity":9,"s:54:21:64:Infinity":10,"f:54:21:54:22":2,"s:58:2:64:Infinity":11,"s:66:0:66:Infinity":12,"s:68:21:78:Infinity":13,"f:68:21:68:22":3,"s:72:2:78:Infinity":14,"s:80:0:80:Infinity":15,"s:82:20:94:Infinity":16,"f:85:2:85:3":4,"s:86:2:93:Infinity":17,"s:95:0:95:Infinity":18,"s:97:26:106:Infinity":19,"f:100:2:100:3":5,"s:101:2:105:Infinity":20,"s:107:0:107:Infinity":21}}}
,"/workspace/app-9nam5bayv401/src/components/ui/label.tsx": {"path":"/workspace/app-9nam5bayv401/src/components/ui/label.tsx","statementMap":{"0":{"start":{"line":9,"column":6},"end":{"line":11,"column":null}},"1":{"start":{"line":13,"column":14},"end":{"line":23,"column":null}},"2":{"start":{"line":18,"column":2},"end":{"line":22,"column":null}},"3":{"start":{"line":24,"column":0},"end":{"line":24,"column":null}}},"fnMap":{"0":{"name":"(anonymous_0)","decl":{"start":{"line":17,"column":2},"end":{"line":17,"column":3}},"loc":{"start":{"line":18,"column":2},"end":{"line":22,"column":null}},"line":18}},"branchMap":{},"s":{"0":1,"1":1,"2":162,"3":1},"f":{"0":162},"b":{},"meta":{"lastBranch":0,"lastFunction":1,"lastStatement":4,"seen":{"s:9:6:11:Infinity":0,"s:13:14:23:Infinity":1,"f:17:2:17:3":0,"s:18:2:22:Infinity":2,"s:24:0:24:Infinity":3}}}
,"/workspace/app-9nam5bayv401/src/components/ui/separator.tsx": {"path":"/workspace/app-9nam5bayv401/src/components/ui/separator.tsx","statementMap":{"0":{"start":{"line":6,"column":18},"end":{"line":26,"column":null}},"1":{"start":{"line":14,"column":4},"end":{"line":24,"column":null}},"2":{"start":{"line":27,"column":0},"end":{"line":27,"column":null}}},"fnMap":{"0":{"name":"(anonymous_0)","decl":{"start":{"line":10,"column":2},"end":{"line":10,"column":null}},"loc":{"start":{"line":14,"column":4},"end":{"line":24,"column":null}},"line":14}},"branchMap":{"0":{"loc":{"start":{"line":11,"column":17},"end":{"line":11,"column":45}},"type":"default-arg","locations":[{"start":{"line":11,"column":31},"end":{"line":11,"column":45}}],"line":11},"1":{"loc":{"start":{"line":11,"column":45},"end":{"line":11,"column":64}},"type":"default-arg","locations":[{"start":{"line":11,"column":58},"end":{"line":11,"column":64}}],"line":11},"2":{"loc":{"start":{"line":20,"column":8},"end":{"line":20,"column":null}},"type":"cond-expr","locations":[{"start":{"line":20,"column":39},"end":{"line":20,"column":58}},{"start":{"line":20,"column":58},"end":{"line":20,"column":null}}],"line":20}},"s":{"0":2,"1":139,"2":2},"f":{"0":139},"b":{"0":[139],"1":[139],"2":[139,0]},"meta":{"lastBranch":3,"lastFunction":1,"lastStatement":3,"seen":{"s:6:18:26:Infinity":0,"f:10:2:10:Infinity":0,"s:14:4:24:Infinity":1,"b:11:31:11:45":0,"b:11:58:11:64":1,"b:20:39:20:58:20:58:20:Infinity":2,"s:27:0:27:Infinity":2}}}
,"/workspace/app-9nam5bayv401/src/components/ui/slider.tsx": {"path":"/workspace/app-9nam5bayv401/src/components/ui/slider.tsx","statementMap":{"0":{"start":{"line":6,"column":15},"end":{"line":23,"column":null}},"1":{"start":{"line":10,"column":2},"end":{"line":22,"column":null}},"2":{"start":{"line":24,"column":0},"end":{"line":24,"column":null}}},"fnMap":{"0":{"name":"(anonymous_0)","decl":{"start":{"line":9,"column":2},"end":{"line":9,"column":3}},"loc":{"start":{"line":10,"column":2},"end":{"line":22,"column":null}},"line":10}},"branchMap":{},"s":{"0":1,"1":126,"2":1},"f":{"0":126},"b":{},"meta":{"lastBranch":0,"lastFunction":1,"lastStatement":3,"seen":{"s:6:15:23:Infinity":0,"f:9:2:9:3":0,"s:10:2:22:Infinity":1,"s:24:0:24:Infinity":2}}}
,"/workspace/app-9nam5bayv401/src/components/ui/tooltip.tsx": {"path":"/workspace/app-9nam5bayv401/src/components/ui/tooltip.tsx","statementMap":{"0":{"start":{"line":8,"column":24},"end":{"line":8,"column":null}},"1":{"start":{"line":10,"column":16},"end":{"line":10,"column":null}},"2":{"start":{"line":12,"column":23},"end":{"line":12,"column":null}},"3":{"start":{"line":14,"column":23},"end":{"line":29,"column":null}},"4":{"start":{"line":18,"column":2},"end":{"line":28,"column":null}},"5":{"start":{"line":30,"column":0},"end":{"line":30,"column":null}}},"fnMap":{"0":{"name":"(anonymous_0)","decl":{"start":{"line":17,"column":2},"end":{"line":17,"column":3}},"loc":{"start":{"line":18,"column":2},"end":{"line":28,"column":null}},"line":18}},"branchMap":{"0":{"loc":{"start":{"line":17,"column":16},"end":{"line":17,"column":32}},"type":"default-arg","locations":[{"start":{"line":17,"column":29},"end":{"line":17,"column":32}}],"line":17}},"s":{"0":1,"1":1,"2":1,"3":1,"4":248,"5":1},"f":{"0":248},"b":{"0":[248]},"meta":{"lastBranch":1,"lastFunction":1,"lastStatement":6,"seen":{"s:8:24:8:Infinity":0,"s:10:16:10:Infinity":1,"s:12:23:12:Infinity":2,"s:14:23:29:Infinity":3,"f:17:2:17:3":0,"s:18:2:28:Infinity":4,"b:17:29:17:32":0,"s:30:0:30:Infinity":5}}}
,"/workspace/app-9nam5bayv401/src/lib/utils.ts": {"path":"/workspace/app-9nam5bayv401/src/lib/utils.ts","statementMap":{"0":{"start":{"line":5,"column":2},"end":{"line":5,"column":null}},"1":{"start":{"line":16,"column":26},"end":{"line":16,"column":null}},"2":{"start":{"line":18,"column":2},"end":{"line":24,"column":null}},"3":{"start":{"line":19,"column":4},"end":{"line":23,"column":null}},"4":{"start":{"line":20,"column":6},"end":{"line":20,"column":null}},"5":{"start":{"line":22,"column":6},"end":{"line":22,"column":null}},"6":{"start":{"line":26,"column":2},"end":{"line":26,"column":null}},"7":{"start":{"line":33,"column":2},"end":{"line":38,"column":null}}},"fnMap":{"0":{"name":"cn","decl":{"start":{"line":4,"column":16},"end":{"line":4,"column":22}},"loc":{"start":{"line":4,"column":44},"end":{"line":6,"column":null}},"line":4},"1":{"name":"createQueryString","decl":{"start":{"line":12,"column":16},"end":{"line":12,"column":null}},"loc":{"start":{"line":15,"column":2},"end":{"line":27,"column":null}},"line":15},"2":{"name":"formatDate","decl":{"start":{"line":29,"column":16},"end":{"line":29,"column":null}},"loc":{"start":{"line":32,"column":2},"end":{"line":39,"column":null}},"line":32}},"branchMap":{"0":{"loc":{"start":{"line":19,"column":4},"end":{"line":23,"column":null}},"type":"if","locations":[{"start":{"line":19,"column":4},"end":{"line":23,"column":null}},{"start":{"line":21,"column":11},"end":{"line":23,"column":null}}],"line":19},"1":{"loc":{"start":{"line":19,"column":8},"end":{"line":19,"column":47}},"type":"binary-expr","locations":[{"start":{"line":19,"column":8},"end":{"line":19,"column":26}},{"start":{"line":19,"column":26},"end":{"line":19,"column":47}}],"line":19},"2":{"loc":{"start":{"line":31,"column":2},"end":{"line":31,"column":null}},"type":"default-arg","locations":[{"start":{"line":31,"column":37},"end":{"line":31,"column":null}}],"line":31},"3":{"loc":{"start":{"line":34,"column":11},"end":{"line":34,"column":null}},"type":"binary-expr","locations":[{"start":{"line":34,"column":11},"end":{"line":34,"column":25}},{"start":{"line":34,"column":25},"end":{"line":34,"column":null}}],"line":34},"4":{"loc":{"start":{"line":35,"column":9},"end":{"line":35,"column":null}},"type":"binary-expr","locations":[{"start":{"line":35,"column":9},"end":{"line":35,"column":21}},{"start":{"line":35,"column":21},"end":{"line":35,"column":null}}],"line":35},"5":{"loc":{"start":{"line":36,"column":10},"end":{"line":36,"column":null}},"type":"binary-expr","locations":[{"start":{"line":36,"column":10},"end":{"line":36,"column":23}},{"start":{"line":36,"column":23},"end":{"line":36,"column":null}}],"line":36}},"s":{"0":998,"1":0,"2":0,"3":0,"4":0,"5":0,"6":0,"7":0},"f":{"0":998,"1":0,"2":0},"b":{"0":[0,0],"1":[0,0],"2":[0],"3":[0,0],"4":[0,0],"5":[0,0]},"meta":{"lastBranch":6,"lastFunction":3,"lastStatement":8,"seen":{"f:4:16:4:22":0,"s:5:2:5:Infinity":0,"f:12:16:12:Infinity":1,"s:16:26:16:Infinity":1,"s:18:2:24:Infinity":2,"b:19:4:23:Infinity:21:11:23:Infinity":0,"s:19:4:23:Infinity":3,"b:19:8:19:26:19:26:19:47":1,"s:20:6:20:Infinity":4,"s:22:6:22:Infinity":5,"s:26:2:26:Infinity":6,"f:29:16:29:Infinity":2,"b:31:37:31:Infinity":2,"s:33:2:38:Infinity":7,"b:34:11:34:25:34:25:34:Infinity":3,"b:35:9:35:21:35:21:35:Infinity":4,"b:36:10:36:23:36:23:36:Infinity":5}}}
,"/workspace/app-9nam5bayv401/src/utils/roomCalculations.ts": {"path":"/workspace/app-9nam5bayv401/src/utils/roomCalculations.ts","statementMap":{"0":{"start":{"line":16,"column":2},"end":{"line":23,"column":null}},"1":{"start":{"line":17,"column":4},"end":{"line":22,"column":null}},"2":{"start":{"line":26,"column":20},"end":{"line":31,"column":null}},"3":{"start":{"line":27,"column":19},"end":{"line":29,"column":null}},"4":{"start":{"line":30,"column":4},"end":{"line":30,"column":null}},"5":{"start":{"line":34,"column":20},"end":{"line":37,"column":null}},"6":{"start":{"line":34,"column":44},"end":{"line":37,"column":3}},"7":{"start":{"line":40,"column":27},"end":{"line":40,"column":null}},"8":{"start":{"line":41,"column":2},"end":{"line":44,"column":null}},"9":{"start":{"line":42,"column":16},"end":{"line":42,"column":null}},"10":{"start":{"line":43,"column":4},"end":{"line":43,"column":null}},"11":{"start":{"line":47,"column":21},"end":{"line":47,"column":null}},"12":{"start":{"line":47,"column":76},"end":{"line":47,"column":87}},"13":{"start":{"line":50,"column":13},"end":{"line":50,"column":null}},"14":{"start":{"line":51,"column":2},"end":{"line":100,"column":null}},"15":{"start":{"line":53,"column":49},"end":{"line":53,"column":null}},"16":{"start":{"line":54,"column":20},"end":{"line":54,"column":null}},"17":{"start":{"line":56,"column":23},"end":{"line":56,"column":null}},"18":{"start":{"line":57,"column":4},"end":{"line":57,"column":null}},"19":{"start":{"line":58,"column":4},"end":{"line":58,"column":null}},"20":{"start":{"line":61,"column":4},"end":{"line":91,"column":null}},"21":{"start":{"line":61,"column":17},"end":{"line":61,"column":20}},"22":{"start":{"line":62,"column":23},"end":{"line":74,"column":null}},"23":{"start":{"line":63,"column":25},"end":{"line":63,"column":null}},"24":{"start":{"line":64,"column":23},"end":{"line":64,"column":null}},"25":{"start":{"line":65,"column":27},"end":{"line":65,"column":null}},"26":{"start":{"line":67,"column":8},"end":{"line":69,"column":null}},"27":{"start":{"line":68,"column":10},"end":{"line":68,"column":null}},"28":{"start":{"line":70,"column":8},"end":{"line":72,"column":null}},"29":{"start":{"line":71,"column":10},"end":{"line":71,"column":null}},"30":{"start":{"line":73,"column":8},"end":{"line":73,"column":null}},"31":{"start":{"line":76,"column":6},"end":{"line":76,"column":null}},"32":{"start":{"line":76,"column":21},"end":{"line":76,"column":null}},"33":{"start":{"line":78,"column":23},"end":{"line":78,"column":null}},"34":{"start":{"line":79,"column":21},"end":{"line":79,"column":null}},"35":{"start":{"line":80,"column":25},"end":{"line":80,"column":null}},"36":{"start":{"line":82,"column":6},"end":{"line":90,"column":null}},"37":{"start":{"line":83,"column":8},"end":{"line":83,"column":null}},"38":{"start":{"line":84,"column":8},"end":{"line":84,"column":null}},"39":{"start":{"line":85,"column":8},"end":{"line":85,"column":null}},"40":{"start":{"line":87,"column":8},"end":{"line":87,"column":null}},"41":{"start":{"line":88,"column":8},"end":{"line":88,"column":null}},"42":{"start":{"line":89,"column":8},"end":{"line":89,"column":null}},"43":{"start":{"line":94,"column":4},"end":{"line":98,"column":null}},"44":{"start":{"line":94,"column":17},"end":{"line":94,"column":20}},"45":{"start":{"line":95,"column":12},"end":{"line":95,"column":null}},"46":{"start":{"line":96,"column":6},"end":{"line":96,"column":null}},"47":{"start":{"line":97,"column":6},"end":{"line":97,"column":null}},"48":{"start":{"line":99,"column":4},"end":{"line":99,"column":null}},"49":{"start":{"line":102,"column":2},"end":{"line":107,"column":null}},"50":{"start":{"line":114,"column":2},"end":{"line":114,"column":null}},"51":{"start":{"line":114,"column":26},"end":{"line":114,"column":null}},"52":{"start":{"line":116,"column":17},"end":{"line":116,"column":null}},"53":{"start":{"line":116,"column":41},"end":{"line":116,"column":63}},"54":{"start":{"line":117,"column":15},"end":{"line":117,"column":null}},"55":{"start":{"line":117,"column":41},"end":{"line":117,"column":52}},"56":{"start":{"line":118,"column":15},"end":{"line":118,"column":null}},"57":{"start":{"line":118,"column":41},"end":{"line":118,"column":52}},"58":{"start":{"line":120,"column":2},"end":{"line":123,"column":null}},"59":{"start":{"line":131,"column":2},"end":{"line":131,"column":null}},"60":{"start":{"line":135,"column":2},"end":{"line":135,"column":null}}},"fnMap":{"0":{"name":"calculateRoomStats","decl":{"start":{"line":15,"column":16},"end":{"line":15,"column":35}},"loc":{"start":{"line":15,"column":61},"end":{"line":108,"column":null}},"line":15},"1":{"name":"(anonymous_1)","decl":{"start":{"line":26,"column":33},"end":{"line":26,"column":34}},"loc":{"start":{"line":26,"column":48},"end":{"line":31,"column":5}},"line":26},"2":{"name":"(anonymous_2)","decl":{"start":{"line":34,"column":34},"end":{"line":34,"column":35}},"loc":{"start":{"line":34,"column":44},"end":{"line":37,"column":3}},"line":34},"3":{"name":"(anonymous_3)","decl":{"start":{"line":41,"column":20},"end":{"line":41,"column":21}},"loc":{"start":{"line":41,"column":31},"end":{"line":44,"column":3}},"line":41},"4":{"name":"(anonymous_4)","decl":{"start":{"line":47,"column":65},"end":{"line":47,"column":66}},"loc":{"start":{"line":47,"column":76},"end":{"line":47,"column":87}},"line":47},"5":{"name":"(anonymous_5)","decl":{"start":{"line":62,"column":34},"end":{"line":62,"column":35}},"loc":{"start":{"line":62,"column":44},"end":{"line":74,"column":7}},"line":62},"6":{"name":"calculateRoomCentroid","decl":{"start":{"line":113,"column":16},"end":{"line":113,"column":38}},"loc":{"start":{"line":113,"column":86},"end":{"line":124,"column":null}},"line":113},"7":{"name":"(anonymous_7)","decl":{"start":{"line":116,"column":31},"end":{"line":116,"column":32}},"loc":{"start":{"line":116,"column":41},"end":{"line":116,"column":63}},"line":116},"8":{"name":"(anonymous_8)","decl":{"start":{"line":117,"column":29},"end":{"line":117,"column":30}},"loc":{"start":{"line":117,"column":41},"end":{"line":117,"column":52}},"line":117},"9":{"name":"(anonymous_9)","decl":{"start":{"line":118,"column":29},"end":{"line":118,"column":30}},"loc":{"start":{"line":118,"column":41},"end":{"line":118,"column":52}},"line":118},"10":{"name":"pixelsToMeters","decl":{"start":{"line":130,"column":16},"end":{"line":130,"column":31}},"loc":{"start":{"line":130,"column":55},"end":{"line":132,"column":null}},"line":130},"11":{"name":"squarePixelsToSquareMeters","decl":{"start":{"line":134,"column":16},"end":{"line":134,"column":43}},"loc":{"start":{"line":134,"column":73},"end":{"line":136,"column":null}},"line":134}},"branchMap":{"0":{"loc":{"start":{"line":16,"column":2},"end":{"line":23,"column":null}},"type":"if","locations":[{"start":{"line":16,"column":2},"end":{"line":23,"column":null}},{"start":{},"end":{}}],"line":16},"1":{"loc":{"start":{"line":43,"column":31},"end":{"line":43,"column":65}},"type":"binary-expr","locations":[{"start":{"line":43,"column":31},"end":{"line":43,"column":60}},{"start":{"line":43,"column":60},"end":{"line":43,"column":65}}],"line":43},"2":{"loc":{"start":{"line":51,"column":2},"end":{"line":100,"column":null}},"type":"if","locations":[{"start":{"line":51,"column":2},"end":{"line":100,"column":null}},{"start":{},"end":{}}],"line":51},"3":{"loc":{"start":{"line":51,"column":6},"end":{"line":51,"column":39}},"type":"binary-expr","locations":[{"start":{"line":51,"column":6},"end":{"line":51,"column":20}},{"start":{"line":51,"column":20},"end":{"line":51,"column":39}}],"line":51},"4":{"loc":{"start":{"line":67,"column":8},"end":{"line":69,"column":null}},"type":"if","locations":[{"start":{"line":67,"column":8},"end":{"line":69,"column":null}},{"start":{},"end":{}}],"line":67},"5":{"loc":{"start":{"line":67,"column":12},"end":{"line":67,"column":61}},"type":"binary-expr","locations":[{"start":{"line":67,"column":12},"end":{"line":67,"column":39}},{"start":{"line":67,"column":39},"end":{"line":67,"column":61}}],"line":67},"6":{"loc":{"start":{"line":70,"column":8},"end":{"line":72,"column":null}},"type":"if","locations":[{"start":{"line":70,"column":8},"end":{"line":72,"column":null}},{"start":{},"end":{}}],"line":70},"7":{"loc":{"start":{"line":70,"column":12},"end":{"line":70,"column":61}},"type":"binary-expr","locations":[{"start":{"line":70,"column":12},"end":{"line":70,"column":37}},{"start":{"line":70,"column":37},"end":{"line":70,"column":61}}],"line":70},"8":{"loc":{"start":{"line":76,"column":6},"end":{"line":76,"column":null}},"type":"if","locations":[{"start":{"line":76,"column":6},"end":{"line":76,"column":null}},{"start":{},"end":{}}],"line":76},"9":{"loc":{"start":{"line":82,"column":6},"end":{"line":90,"column":null}},"type":"if","locations":[{"start":{"line":82,"column":6},"end":{"line":90,"column":null}},{"start":{"line":86,"column":13},"end":{"line":90,"column":null}}],"line":82},"10":{"loc":{"start":{"line":114,"column":2},"end":{"line":114,"column":null}},"type":"if","locations":[{"start":{"line":114,"column":2},"end":{"line":114,"column":null}},{"start":{},"end":{}}],"line":114}},"s":{"0":9,"1":1,"2":8,"3":23,"4":23,"5":8,"6":23,"7":8,"8":8,"9":46,"10":46,"11":8,"12":22,"13":8,"14":8,"15":4,"16":4,"17":4,"18":4,"19":4,"20":4,"21":4,"22":18,"23":51,"24":51,"25":51,"26":51,"27":14,"28":37,"29":0,"30":37,"31":18,"32":4,"33":14,"34":14,"35":14,"36":14,"37":14,"38":14,"39":14,"40":0,"41":0,"42":0,"43":18,"44":18,"45":18,"46":18,"47":18,"48":4,"49":8,"50":5,"51":1,"52":4,"53":12,"54":4,"55":24,"56":4,"57":24,"58":4,"59":7,"60":4},"f":{"0":9,"1":23,"2":23,"3":46,"4":22,"5":51,"6":5,"7":12,"8":24,"9":24,"10":7,"11":4},"b":{"0":[1,8],"1":[46,26],"2":[4,4],"3":[8,5],"4":[14,37],"5":[51,18],"6":[0,37],"7":[37,14],"8":[4,14],"9":[14,0],"10":[1,4]},"meta":{"lastBranch":11,"lastFunction":12,"lastStatement":61,"seen":{"f:15:16:15:35":0,"b:16:2:23:Infinity:undefined:undefined:undefined:undefined":0,"s:16:2:23:Infinity":0,"s:17:4:22:Infinity":1,"s:26:20:31:Infinity":2,"f:26:33:26:34":1,"s:27:19:29:Infinity":3,"s:30:4:30:Infinity":4,"s:34:20:37:Infinity":5,"f:34:34:34:35":2,"s:34:44:37:3":6,"s:40:27:40:Infinity":7,"s:41:2:44:Infinity":8,"f:41:20:41:21":3,"s:42:16:42:Infinity":9,"s:43:4:43:Infinity":10,"b:43:31:43:60:43:60:43:65":1,"s:47:21:47:Infinity":11,"f:47:65:47:66":4,"s:47:76:47:87":12,"s:50:13:50:Infinity":13,"b:51:2:100:Infinity:undefined:undefined:undefined:undefined":2,"s:51:2:100:Infinity":14,"b:51:6:51:20:51:20:51:39":3,"s:53:49:53:Infinity":15,"s:54:20:54:Infinity":16,"s:56:23:56:Infinity":17,"s:57:4:57:Infinity":18,"s:58:4:58:Infinity":19,"s:61:4:91:Infinity":20,"s:61:17:61:20":21,"s:62:23:74:Infinity":22,"f:62:34:62:35":5,"s:63:25:63:Infinity":23,"s:64:23:64:Infinity":24,"s:65:27:65:Infinity":25,"b:67:8:69:Infinity:undefined:undefined:undefined:undefined":4,"s:67:8:69:Infinity":26,"b:67:12:67:39:67:39:67:61":5,"s:68:10:68:Infinity":27,"b:70:8:72:Infinity:undefined:undefined:undefined:undefined":6,"s:70:8:72:Infinity":28,"b:70:12:70:37:70:37:70:61":7,"s:71:10:71:Infinity":29,"s:73:8:73:Infinity":30,"b:76:6:76:Infinity:undefined:undefined:undefined:undefined":8,"s:76:6:76:Infinity":31,"s:76:21:76:Infinity":32,"s:78:23:78:Infinity":33,"s:79:21:79:Infinity":34,"s:80:25:80:Infinity":35,"b:82:6:90:Infinity:86:13:90:Infinity":9,"s:82:6:90:Infinity":36,"s:83:8:83:Infinity":37,"s:84:8:84:Infinity":38,"s:85:8:85:Infinity":39,"s:87:8:87:Infinity":40,"s:88:8:88:Infinity":41,"s:89:8:89:Infinity":42,"s:94:4:98:Infinity":43,"s:94:17:94:20":44,"s:95:12:95:Infinity":45,"s:96:6:96:Infinity":46,"s:97:6:97:Infinity":47,"s:99:4:99:Infinity":48,"s:102:2:107:Infinity":49,"f:113:16:113:38":6,"b:114:2:114:Infinity:undefined:undefined:undefined:undefined":10,"s:114:2:114:Infinity":50,"s:114:26:114:Infinity":51,"s:116:17:116:Infinity":52,"f:116:31:116:32":7,"s:116:41:116:63":53,"s:117:15:117:Infinity":54,"f:117:29:117:30":8,"s:117:41:117:52":55,"s:118:15:118:Infinity":56,"f:118:29:118:30":9,"s:118:41:118:52":57,"s:120:2:123:Infinity":58,"f:130:16:130:31":10,"s:131:2:131:Infinity":59,"f:134:16:134:43":11,"s:135:2:135:Infinity":60}}}
}
